Removed Pin From Net: NetName=NetR1_2 Pin=U1-1
Removed Pin From Net: NetName=NetP3_1 Pin=U1-2
Removed Pin From Net: NetName=NetP3_4 Pin=U1-3
Removed Pin From Net: NetName=GND Pin=U1-4
Removed Pin From Net: NetName=+0.3 Pin=U1-5
Removed Pin From Net: NetName=+6 Pin=U1-7
Removed Pin From Net: NetName=NetR1_1 Pin=U1-8
Removed Member From Class: ClassName=EE_3102 Member=U1
Added Component: Designator=U?(P0008A)
Add component (AddParameter): Name = "Bandwidth at G"; Value = ""; VariantName = "[No Variations]"
Add component (AddParameter): Name = "CMRR(Min)(dB)"; Value = "96"; VariantName = "[No Variations]"
Add component (AddParameter): Name = "Code_JEDEC"; Value = "MS-001"; VariantName = "[No Variations]"
Add component (AddParameter): Name = "ComponentLink1Description"; Value = "Manufacturer URL"; VariantName = "[No Variations]"
Add component (AddParameter): Name = "ComponentLink1URL"; Value = "http://www.ti.com/"; VariantName = "[No Variations]"
Add component (AddParameter): Name = "ComponentLink2Description"; Value = "Datasheet"; VariantName = "[No Variations]"
Add component (AddParameter): Name = "ComponentLink2URL"; Value = "http://www.ti.com/general/docs/lit/getliterature.tsp?genericPartNumber=INA121&fileType=pdf"; VariantName = "[No Variations]"
Add component (AddParameter): Name = "ComponentLink3Description"; Value = "Package Specification"; VariantName = "[No Variations]"
Add component (AddParameter): Name = "ComponentLink3URL"; Value = "http://www.ti.com/litv/pdf/mpdi001b"; VariantName = "[No Variations]"
Add component (AddParameter): Name = "DatasheetVersion"; Value = "SBOS078"; VariantName = "[No Variations]"
Add component (AddParameter): Name = "Eco-Plan"; Value = "Green (RoHS & no Sb/Br)"; VariantName = "[No Variations]"
Add component (AddParameter): Name = "Gain(V/V)"; Value = "1 to 10000"; VariantName = "[No Variations]"
Add component (AddParameter): Name = "Input Bias Current (+/-)(Max)(nA)"; Value = "0.05"; VariantName = "[No Variations]"
Add component (AddParameter): Name = "Input Offset (+/-)(Max)(uV)"; Value = "500"; VariantName = "[No Variations]"
Add component (AddParameter): Name = "Input Offset Drift (+/-)(Max)(uV/Degrees Celsius)"; Value = "5"; VariantName = "[No Variations]"
Add component (AddParameter): Name = "Manufacturer"; Value = "Texas Instruments"; VariantName = "[No Variations]"
Add component (AddParameter): Name = "Mounting Technology"; Value = "Through Hole"; VariantName = "[No Variations]"
Add component (AddParameter): Name = "Noise at 1kHz(Typ)(nV/rt(Hz))"; Value = "20"; VariantName = "[No Variations]"
Add component (AddParameter): Name = "Non-Linearity (+/-)(Max)(%)"; Value = "0.005"; VariantName = "[No Variations]"
Add component (AddParameter): Name = "Number of Channels"; Value = "1"; VariantName = "[No Variations]"
Add component (AddParameter): Name = "Output Offset (+/-)(Max)(uV)"; Value = "500/G"; VariantName = "[No Variations]"
Add component (AddParameter): Name = "Output Offset Drift (+/-)(Max)(uV/Degrees Celsius)"; Value = "20/G"; VariantName = "[No Variations]"
Add component (AddParameter): Name = "PackageDescription"; Value = "8-Pin Plastic In-Line, Body 9.59 x 6.35 mm, Pitch 2.54 mm"; VariantName = "[No Variations]"
Add component (AddParameter): Name = "PackageReference"; Value = "P0008A"; VariantName = "[No Variations]"
Add component (AddParameter): Name = "PackageVersion"; Value = "4040082/E, 04/2010"; VariantName = "[No Variations]"
Add component (AddParameter): Name = "PartNumber"; Value = "INA121P"; VariantName = "[No Variations]"
Add component (AddParameter): Name = "Quiescent Current (+/-)(Typ)(mA)"; Value = "0.45"; VariantName = "[No Variations]"
Add component (AddParameter): Name = "SubFamily"; Value = "Dual Supply"; VariantName = "[No Variations]"
Add component (AddParameter): Name = "Vs(Max)(V)"; Value = "36"; VariantName = "[No Variations]"
Add component (AddParameter): Name = "Vs(Min)(V)"; Value = "4.5"; VariantName = "[No Variations]"
Added Pin To Net: NetName=NetR1_2 Pin=U?-1
Added Pin To Net: NetName=NetP3_1 Pin=U?-2
Added Pin To Net: NetName=NetP3_4 Pin=U?-3
Added Pin To Net: NetName=GND Pin=U?-4
Added Pin To Net: NetName=+0.3 Pin=U?-5
Added Pin To Net: NetName=+6 Pin=U?-7
Added Pin To Net: NetName=NetR1_1 Pin=U?-8
Added Pin To Net: NetName=NetU3_2 Pin=U3-2
Added Pin To Net: NetName=NetU3_2 Pin=U?-6
Added Net: Name=NetU3_2
Added Member To Class: ClassName=EE_3102 Member=Component U? INA121P
Added Room: Name=EE_3102
